# JRE version: OpenJDK Runtime Environment Temurin-17.0.10+7 (17.0.10+7) (build 17.0.10+7)
# Java VM: OpenJDK 64-Bit Server VM Temurin-17.0.10+7 (17.0.10+7, mixed mode, sharing, tiered, compressed oops, compressed class ptrs, g1 gc, windows-amd64)
GC Precious Log:
 CPUs: 12 total, 12 available
 Memory: 7583M
 Large Page Support: Disabled
 NUMA Support: Disabled
 Compressed Oops: Enabled (32-bit)
 Heap Region Size: 1M
 Heap Min Capacity: 8M
 Heap Initial Capacity: 120M
 Heap Max Capacity: 2G
 Pre-touch: Disabled
 Parallel Workers: 10
 Concurrent Workers: 3
 Concurrent Refinement Workers: 10
 Periodic GC: Disabled
Heap:
 garbage-first heap   total 197632K, used 115914K [0x0000000080000000, 0x0000000100000000)
  region size 1024K, 26 young (26624K), 3 survivors (3072K)
 Metaspace       used 83007K, committed 83776K, reserved 557056K
  class space    used 11573K, committed 11968K, reserved 425984K
GC Heap History (20 events):
Event: 65.355 GC heap before
{Heap before GC invocations=40 (full 0):
 garbage-first heap   total 124928K, used 102064K [0x0000000080000000, 0x0000000100000000)
  region size 1024K, 21 young (21504K), 1 survivors (1024K)
 Metaspace       used 70605K, committed 71360K, reserved 491520K
  class space    used 9984K, committed 10368K, reserved 425984K
}
Event: 65.359 GC heap after
{Heap after GC invocations=41 (full 0):
 garbage-first heap   total 124928K, used 82974K [0x0000000080000000, 0x0000000100000000)
  region size 1024K, 1 young (1024K), 1 survivors (1024K)
 Metaspace       used 70605K, committed 71360K, reserved 491520K
  class space    used 9984K, committed 10368K, reserved 425984K
}
Event: 66.099 GC heap before
{Heap before GC invocations=42 (full 0):
 garbage-first heap   total 143360K, used 104478K [0x0000000080000000, 0x0000000100000000)
  region size 1024K, 22 young (22528K), 1 survivors (1024K)
 Metaspace       used 72414K, committed 73152K, reserved 491520K
  class space    used 10171K, committed 10560K, reserved 425984K
}
Event: 66.102 GC heap after
{Heap after GC invocations=43 (full 0):
 garbage-first heap   total 143360K, used 83677K [0x0000000080000000, 0x0000000100000000)
  region size 1024K, 2 young (2048K), 2 survivors (2048K)
 Metaspace       used 72414K, committed 73152K, reserved 491520K
  class space    used 10171K, committed 10560K, reserved 425984K
}
Event: 66.321 GC heap before
{Heap before GC invocations=43 (full 0):
 garbage-first heap   total 143360K, used 88797K [0x0000000080000000, 0x0000000100000000)
  region size 1024K, 7 young (7168K), 2 survivors (2048K)
 Metaspace       used 72770K, committed 73472K, reserved 491520K
  class space    used 10220K, committed 10560K, reserved 425984K
}
Event: 66.326 GC heap after
{Heap after GC invocations=44 (full 0):
 garbage-first heap   total 143360K, used 83799K [0x0000000080000000, 0x0000000100000000)
  region size 1024K, 1 young (1024K), 1 survivors (1024K)
 Metaspace       used 72770K, committed 73472K, reserved 491520K
  class space    used 10220K, committed 10560K, reserved 425984K
}
Event: 67.080 GC heap before
{Heap before GC invocations=44 (full 0):
 garbage-first heap   total 143360K, used 91991K [0x0000000080000000, 0x0000000100000000)
  region size 1024K, 10 young (10240K), 1 survivors (1024K)
 Metaspace       used 74339K, committed 75136K, reserved 491520K
  class space    used 10397K, committed 10752K, reserved 425984K
}
Event: 67.086 GC heap after
{Heap after GC invocations=45 (full 0):
 garbage-first heap   total 143360K, used 85153K [0x0000000080000000, 0x0000000100000000)
  region size 1024K, 2 young (2048K), 2 survivors (2048K)
 Metaspace       used 74339K, committed 75136K, reserved 491520K
  class space    used 10397K, committed 10752K, reserved 425984K
}
Event: 67.959 GC heap before
{Heap before GC invocations=46 (full 0):
 garbage-first heap   total 158720K, used 123041K [0x0000000080000000, 0x0000000100000000)
  region size 1024K, 33 young (33792K), 2 survivors (2048K)
 Metaspace       used 75724K, committed 76480K, reserved 557056K
  class space    used 10589K, committed 10944K, reserved 425984K
}
Event: 67.964 GC heap after
{Heap after GC invocations=47 (full 0):
 garbage-first heap   total 158720K, used 88112K [0x0000000080000000, 0x0000000100000000)
  region size 1024K, 5 young (5120K), 5 survivors (5120K)
 Metaspace       used 75724K, committed 76480K, reserved 557056K
  class space    used 10589K, committed 10944K, reserved 425984K
}
Event: 68.086 GC heap before
{Heap before GC invocations=47 (full 0):
 garbage-first heap   total 158720K, used 90160K [0x0000000080000000, 0x0000000100000000)
  region size 1024K, 7 young (7168K), 5 survivors (5120K)
 Metaspace       used 75871K, committed 76672K, reserved 557056K
  class space    used 10608K, committed 11008K, reserved 425984K
}
Event: 68.091 GC heap after
{Heap after GC invocations=48 (full 0):
 garbage-first heap   total 158720K, used 88404K [0x0000000080000000, 0x0000000100000000)
  region size 1024K, 1 young (1024K), 1 survivors (1024K)
 Metaspace       used 75871K, committed 76672K, reserved 557056K
  class space    used 10608K, committed 11008K, reserved 425984K
}
Event: 69.295 GC heap before
{Heap before GC invocations=48 (full 0):
 garbage-first heap   total 158720K, used 125268K [0x0000000080000000, 0x0000000100000000)
  region size 1024K, 37 young (37888K), 1 survivors (1024K)
 Metaspace       used 78384K, committed 79168K, reserved 557056K
  class space    used 10943K, committed 11328K, reserved 425984K
}
Event: 69.298 GC heap after
{Heap after GC invocations=49 (full 0):
 garbage-first heap   total 158720K, used 89610K [0x0000000080000000, 0x0000000100000000)
  region size 1024K, 2 young (2048K), 2 survivors (2048K)
 Metaspace       used 78384K, committed 79168K, reserved 557056K
  class space    used 10943K, committed 11328K, reserved 425984K
}
Event: 71.339 GC heap before
{Heap before GC invocations=50 (full 0):
 garbage-first heap   total 158720K, used 127498K [0x0000000080000000, 0x0000000100000000)
  region size 1024K, 39 young (39936K), 2 survivors (2048K)
 Metaspace       used 81260K, committed 82048K, reserved 557056K
  class space    used 11328K, committed 11712K, reserved 425984K
}
Event: 71.347 GC heap after
{Heap after GC invocations=51 (full 0):
 garbage-first heap   total 158720K, used 90932K [0x0000000080000000, 0x0000000100000000)
  region size 1024K, 4 young (4096K), 4 survivors (4096K)
 Metaspace       used 81260K, committed 82048K, reserved 557056K
  class space    used 11328K, committed 11712K, reserved 425984K
}
Event: 71.551 GC heap before
{Heap before GC invocations=51 (full 0):
 garbage-first heap   total 158720K, used 94004K [0x0000000080000000, 0x0000000100000000)
  region size 1024K, 7 young (7168K), 4 survivors (4096K)
 Metaspace       used 81526K, committed 82240K, reserved 557056K
  class space    used 11368K, committed 11712K, reserved 425984K
}
Event: 71.558 GC heap after
{Heap after GC invocations=52 (full 0):
 garbage-first heap   total 158720K, used 91108K [0x0000000080000000, 0x0000000100000000)
  region size 1024K, 1 young (1024K), 1 survivors (1024K)
 Metaspace       used 81526K, committed 82240K, reserved 557056K
  class space    used 11368K, committed 11712K, reserved 425984K
}
Event: 72.816 GC heap before
{Heap before GC invocations=52 (full 0):
 garbage-first heap   total 158720K, used 128996K [0x0000000080000000, 0x0000000100000000)
  region size 1024K, 38 young (38912K), 1 survivors (1024K)
 Metaspace       used 82705K, committed 83456K, reserved 557056K
  class space    used 11538K, committed 11904K, reserved 425984K
}
Event: 72.822 GC heap after
{Heap after GC invocations=53 (full 0):
 garbage-first heap   total 197632K, used 93386K [0x0000000080000000, 0x0000000100000000)
  region size 1024K, 3 young (3072K), 3 survivors (3072K)
 Metaspace       used 82705K, committed 83456K, reserved 557056K
  class space    used 11538K, committed 11904K, reserved 425984K
}

