# JRE version: OpenJDK Runtime Environment Temurin-17.0.10+7 (17.0.10+7) (build 17.0.10+7)
# Java VM: OpenJDK 64-Bit Server VM Temurin-17.0.10+7 (17.0.10+7, mixed mode, sharing, tiered, compressed oops, compressed class ptrs, g1 gc, windows-amd64)
GC Precious Log:
 CPUs: 12 total, 12 available
 Memory: 7583M
 Large Page Support: Disabled
 NUMA Support: Disabled
 Compressed Oops: Enabled (32-bit)
 Heap Region Size: 1M
 Heap Min Capacity: 8M
 Heap Initial Capacity: 120M
 Heap Max Capacity: 2G
 Pre-touch: Disabled
 Parallel Workers: 10
 Concurrent Workers: 3
 Concurrent Refinement Workers: 10
 Periodic GC: Disabled
Heap:
 garbage-first heap   total 311296K, used 173140K [0x0000000080000000, 0x0000000100000000)
  region size 1024K, 81 young (82944K), 3 survivors (3072K)
 Metaspace       used 85953K, committed 86784K, reserved 557056K
  class space    used 12012K, committed 12416K, reserved 425984K
GC Heap History (20 events):
Event: 29.915 GC heap before
{Heap before GC invocations=37 (full 0):
 garbage-first heap   total 141312K, used 77780K [0x0000000080000000, 0x0000000100000000)
  region size 1024K, 8 young (8192K), 1 survivors (1024K)
 Metaspace       used 67350K, committed 68032K, reserved 491520K
  class space    used 9664K, committed 9984K, reserved 425984K
}
Event: 29.918 GC heap after
{Heap after GC invocations=38 (full 0):
 garbage-first heap   total 141312K, used 71311K [0x0000000080000000, 0x0000000100000000)
  region size 1024K, 1 young (1024K), 1 survivors (1024K)
 Metaspace       used 67350K, committed 68032K, reserved 491520K
  class space    used 9664K, committed 9984K, reserved 425984K
}
Event: 31.053 GC heap before
{Heap before GC invocations=39 (full 0):
 garbage-first heap   total 141312K, used 118415K [0x0000000080000000, 0x0000000100000000)
  region size 1024K, 42 young (43008K), 1 survivors (1024K)
 Metaspace       used 69995K, committed 70720K, reserved 491520K
  class space    used 9962K, committed 10304K, reserved 425984K
}
Event: 31.057 GC heap after
{Heap after GC invocations=40 (full 0):
 garbage-first heap   total 141312K, used 82744K [0x0000000080000000, 0x0000000100000000)
  region size 1024K, 6 young (6144K), 6 survivors (6144K)
 Metaspace       used 69995K, committed 70720K, reserved 491520K
  class space    used 9962K, committed 10304K, reserved 425984K
}
Event: 31.079 GC heap before
{Heap before GC invocations=40 (full 0):
 garbage-first heap   total 141312K, used 83768K [0x0000000080000000, 0x0000000100000000)
  region size 1024K, 7 young (7168K), 6 survivors (6144K)
 Metaspace       used 70122K, committed 70784K, reserved 491520K
  class space    used 9973K, committed 10304K, reserved 425984K
}
Event: 31.083 GC heap after
{Heap after GC invocations=41 (full 0):
 garbage-first heap   total 141312K, used 82835K [0x0000000080000000, 0x0000000100000000)
  region size 1024K, 1 young (1024K), 1 survivors (1024K)
 Metaspace       used 70122K, committed 70784K, reserved 491520K
  class space    used 9973K, committed 10304K, reserved 425984K
}
Event: 31.766 GC heap before
{Heap before GC invocations=41 (full 0):
 garbage-first heap   total 141312K, used 116627K [0x0000000080000000, 0x0000000100000000)
  region size 1024K, 34 young (34816K), 1 survivors (1024K)
 Metaspace       used 72957K, committed 73664K, reserved 491520K
  class space    used 10288K, committed 10624K, reserved 425984K
}
Event: 31.769 GC heap after
{Heap after GC invocations=42 (full 0):
 garbage-first heap   total 141312K, used 83713K [0x0000000080000000, 0x0000000100000000)
  region size 1024K, 2 young (2048K), 2 survivors (2048K)
 Metaspace       used 72957K, committed 73664K, reserved 491520K
  class space    used 10288K, committed 10624K, reserved 425984K
}
Event: 32.636 GC heap before
{Heap before GC invocations=43 (full 0):
 garbage-first heap   total 148480K, used 122625K [0x0000000080000000, 0x0000000100000000)
  region size 1024K, 35 young (35840K), 2 survivors (2048K)
 Metaspace       used 75375K, committed 76032K, reserved 491520K
  class space    used 10586K, committed 10880K, reserved 425984K
}
Event: 32.640 GC heap after
{Heap after GC invocations=44 (full 0):
 garbage-first heap   total 148480K, used 87709K [0x0000000080000000, 0x0000000100000000)
  region size 1024K, 5 young (5120K), 5 survivors (5120K)
 Metaspace       used 75375K, committed 76032K, reserved 491520K
  class space    used 10586K, committed 10880K, reserved 425984K
}
Event: 32.688 GC heap before
{Heap before GC invocations=44 (full 0):
 garbage-first heap   total 148480K, used 89757K [0x0000000080000000, 0x0000000100000000)
  region size 1024K, 7 young (7168K), 5 survivors (5120K)
 Metaspace       used 75524K, committed 76224K, reserved 491520K
  class space    used 10606K, committed 10944K, reserved 425984K
}
Event: 32.692 GC heap after
{Heap after GC invocations=45 (full 0):
 garbage-first heap   total 148480K, used 88594K [0x0000000080000000, 0x0000000100000000)
  region size 1024K, 1 young (1024K), 1 survivors (1024K)
 Metaspace       used 75524K, committed 76224K, reserved 491520K
  class space    used 10606K, committed 10944K, reserved 425984K
}
Event: 33.327 GC heap before
{Heap before GC invocations=45 (full 0):
 garbage-first heap   total 148480K, used 122386K [0x0000000080000000, 0x0000000100000000)
  region size 1024K, 34 young (34816K), 1 survivors (1024K)
 Metaspace       used 77814K, committed 78528K, reserved 557056K
  class space    used 10886K, committed 11200K, reserved 425984K
}
Event: 33.331 GC heap after
{Heap after GC invocations=46 (full 0):
 garbage-first heap   total 148480K, used 89893K [0x0000000080000000, 0x0000000100000000)
  region size 1024K, 2 young (2048K), 2 survivors (2048K)
 Metaspace       used 77814K, committed 78528K, reserved 557056K
  class space    used 10886K, committed 11200K, reserved 425984K
}
Event: 34.049 GC heap before
{Heap before GC invocations=47 (full 0):
 garbage-first heap   total 155648K, used 123685K [0x0000000080000000, 0x0000000100000000)
  region size 1024K, 35 young (35840K), 2 survivors (2048K)
 Metaspace       used 80385K, committed 81088K, reserved 557056K
  class space    used 11258K, committed 11584K, reserved 425984K
}
Event: 34.053 GC heap after
{Heap after GC invocations=48 (full 0):
 garbage-first heap   total 155648K, used 90846K [0x0000000080000000, 0x0000000100000000)
  region size 1024K, 3 young (3072K), 3 survivors (3072K)
 Metaspace       used 80385K, committed 81088K, reserved 557056K
  class space    used 11258K, committed 11584K, reserved 425984K
}
Event: 34.140 GC heap before
{Heap before GC invocations=48 (full 0):
 garbage-first heap   total 155648K, used 93918K [0x0000000080000000, 0x0000000100000000)
  region size 1024K, 7 young (7168K), 3 survivors (3072K)
 Metaspace       used 80652K, committed 81408K, reserved 557056K
  class space    used 11296K, committed 11648K, reserved 425984K
}
Event: 34.144 GC heap after
{Heap after GC invocations=49 (full 0):
 garbage-first heap   total 155648K, used 90775K [0x0000000080000000, 0x0000000100000000)
  region size 1024K, 1 young (1024K), 1 survivors (1024K)
 Metaspace       used 80652K, committed 81408K, reserved 557056K
  class space    used 11296K, committed 11648K, reserved 425984K
}
Event: 34.798 GC heap before
{Heap before GC invocations=49 (full 0):
 garbage-first heap   total 155648K, used 128663K [0x0000000080000000, 0x0000000100000000)
  region size 1024K, 38 young (38912K), 1 survivors (1024K)
 Metaspace       used 82621K, committed 83392K, reserved 557056K
  class space    used 11574K, committed 11968K, reserved 425984K
}
Event: 34.804 GC heap after
{Heap after GC invocations=50 (full 0):
 garbage-first heap   total 311296K, used 93268K [0x0000000080000000, 0x0000000100000000)
  region size 1024K, 3 young (3072K), 3 survivors (3072K)
 Metaspace       used 82621K, committed 83392K, reserved 557056K
  class space    used 11574K, committed 11968K, reserved 425984K
}

