# JRE version: OpenJDK Runtime Environment Temurin-17.0.10+7 (17.0.10+7) (build 17.0.10+7)
# Java VM: OpenJDK 64-Bit Server VM Temurin-17.0.10+7 (17.0.10+7, mixed mode, sharing, tiered, compressed oops, compressed class ptrs, g1 gc, windows-amd64)
GC Precious Log:
 CPUs: 12 total, 12 available
 Memory: 7583M
 Large Page Support: Disabled
 NUMA Support: Disabled
 Compressed Oops: Enabled (32-bit)
 Heap Region Size: 1M
 Heap Min Capacity: 8M
 Heap Initial Capacity: 120M
 Heap Max Capacity: 2G
 Pre-touch: Disabled
 Parallel Workers: 10
 Concurrent Workers: 3
 Concurrent Refinement Workers: 10
 Periodic GC: Disabled
Heap:
 garbage-first heap   total 352256K, used 132855K [0x0000000080000000, 0x0000000100000000)
  region size 1024K, 39 young (39936K), 13 survivors (13312K)
 Metaspace       used 97060K, committed 97984K, reserved 557056K
  class space    used 13723K, committed 14208K, reserved 425984K
GC Heap History (20 events):
Event: 26.241 GC heap before
{Heap before GC invocations=39 (full 0):
 garbage-first heap   total 150528K, used 110107K [0x0000000080000000, 0x0000000100000000)
  region size 1024K, 26 young (26624K), 1 survivors (1024K)
 Metaspace       used 77465K, committed 78208K, reserved 557056K
  class space    used 10828K, committed 11200K, reserved 425984K
}
Event: 26.245 GC heap after
{Heap after GC invocations=40 (full 0):
 garbage-first heap   total 150528K, used 87591K [0x0000000080000000, 0x0000000100000000)
  region size 1024K, 3 young (3072K), 3 survivors (3072K)
 Metaspace       used 77465K, committed 78208K, reserved 557056K
  class space    used 10828K, committed 11200K, reserved 425984K
}
Event: 26.276 GC heap before
{Heap before GC invocations=40 (full 0):
 garbage-first heap   total 150528K, used 92711K [0x0000000080000000, 0x0000000100000000)
  region size 1024K, 7 young (7168K), 3 survivors (3072K)
 Metaspace       used 77512K, committed 78272K, reserved 557056K
  class space    used 10832K, committed 11200K, reserved 425984K
}
Event: 26.281 GC heap after
{Heap after GC invocations=41 (full 0):
 garbage-first heap   total 150528K, used 89632K [0x0000000080000000, 0x0000000100000000)
  region size 1024K, 1 young (1024K), 1 survivors (1024K)
 Metaspace       used 77512K, committed 78272K, reserved 557056K
  class space    used 10832K, committed 11200K, reserved 425984K
}
Event: 26.283 GC heap before
{Heap before GC invocations=41 (full 0):
 garbage-first heap   total 150528K, used 89632K [0x0000000080000000, 0x0000000100000000)
  region size 1024K, 2 young (2048K), 1 survivors (1024K)
 Metaspace       used 77512K, committed 78272K, reserved 557056K
  class space    used 10832K, committed 11200K, reserved 425984K
}
Event: 26.286 GC heap after
{Heap after GC invocations=42 (full 0):
 garbage-first heap   total 150528K, used 89886K [0x0000000080000000, 0x0000000100000000)
  region size 1024K, 2 young (2048K), 2 survivors (2048K)
 Metaspace       used 77512K, committed 78272K, reserved 557056K
  class space    used 10832K, committed 11200K, reserved 425984K
}
Event: 26.828 GC heap before
{Heap before GC invocations=43 (full 0):
 garbage-first heap   total 176128K, used 124702K [0x0000000080000000, 0x0000000100000000)
  region size 1024K, 31 young (31744K), 2 survivors (2048K)
 Metaspace       used 79002K, committed 79680K, reserved 557056K
  class space    used 11038K, committed 11392K, reserved 425984K
}
Event: 26.832 GC heap after
{Heap after GC invocations=44 (full 0):
 garbage-first heap   total 176128K, used 90572K [0x0000000080000000, 0x0000000100000000)
  region size 1024K, 3 young (3072K), 3 survivors (3072K)
 Metaspace       used 79002K, committed 79680K, reserved 557056K
  class space    used 11038K, committed 11392K, reserved 425984K
}
Event: 26.917 GC heap before
{Heap before GC invocations=44 (full 0):
 garbage-first heap   total 176128K, used 95692K [0x0000000080000000, 0x0000000100000000)
  region size 1024K, 8 young (8192K), 3 survivors (3072K)
 Metaspace       used 79324K, committed 80064K, reserved 557056K
  class space    used 11082K, committed 11456K, reserved 425984K
}
Event: 26.920 GC heap after
{Heap after GC invocations=45 (full 0):
 garbage-first heap   total 176128K, used 90729K [0x0000000080000000, 0x0000000100000000)
  region size 1024K, 1 young (1024K), 1 survivors (1024K)
 Metaspace       used 79324K, committed 80064K, reserved 557056K
  class space    used 11082K, committed 11456K, reserved 425984K
}
Event: 27.793 GC heap before
{Heap before GC invocations=45 (full 0):
 garbage-first heap   total 176128K, used 135785K [0x0000000080000000, 0x0000000100000000)
  region size 1024K, 45 young (46080K), 1 survivors (1024K)
 Metaspace       used 82605K, committed 83392K, reserved 557056K
  class space    used 11530K, committed 11904K, reserved 425984K
}
Event: 27.797 GC heap after
{Heap after GC invocations=46 (full 0):
 garbage-first heap   total 176128K, used 92342K [0x0000000080000000, 0x0000000100000000)
  region size 1024K, 3 young (3072K), 3 survivors (3072K)
 Metaspace       used 82605K, committed 83392K, reserved 557056K
  class space    used 11530K, committed 11904K, reserved 425984K
}
Event: 28.688 GC heap before
{Heap before GC invocations=47 (full 0):
 garbage-first heap   total 176128K, used 138422K [0x0000000080000000, 0x0000000100000000)
  region size 1024K, 48 young (49152K), 3 survivors (3072K)
 Metaspace       used 85775K, committed 86592K, reserved 557056K
  class space    used 11967K, committed 12352K, reserved 425984K
}
Event: 28.692 GC heap after
{Heap after GC invocations=48 (full 0):
 garbage-first heap   total 176128K, used 94484K [0x0000000080000000, 0x0000000100000000)
  region size 1024K, 5 young (5120K), 5 survivors (5120K)
 Metaspace       used 85775K, committed 86592K, reserved 557056K
  class space    used 11967K, committed 12352K, reserved 425984K
}
Event: 28.719 GC heap before
{Heap before GC invocations=48 (full 0):
 garbage-first heap   total 176128K, used 97556K [0x0000000080000000, 0x0000000100000000)
  region size 1024K, 8 young (8192K), 5 survivors (5120K)
 Metaspace       used 85783K, committed 86592K, reserved 557056K
  class space    used 11967K, committed 12352K, reserved 425984K
}
Event: 28.724 GC heap after
{Heap after GC invocations=49 (full 0):
 garbage-first heap   total 176128K, used 95088K [0x0000000080000000, 0x0000000100000000)
  region size 1024K, 1 young (1024K), 1 survivors (1024K)
 Metaspace       used 85783K, committed 86592K, reserved 557056K
  class space    used 11967K, committed 12352K, reserved 425984K
}
Event: 33.941 GC heap before
{Heap before GC invocations=49 (full 0):
 garbage-first heap   total 176128K, used 142192K [0x0000000080000000, 0x0000000100000000)
  region size 1024K, 47 young (48128K), 1 survivors (1024K)
 Metaspace       used 86644K, committed 87424K, reserved 557056K
  class space    used 12080K, committed 12480K, reserved 425984K
}
Event: 33.946 GC heap after
{Heap after GC invocations=50 (full 0):
 garbage-first heap   total 352256K, used 98040K [0x0000000080000000, 0x0000000100000000)
  region size 1024K, 4 young (4096K), 4 survivors (4096K)
 Metaspace       used 86644K, committed 87424K, reserved 557056K
  class space    used 12080K, committed 12480K, reserved 425984K
}
Event: 37.169 GC heap before
{Heap before GC invocations=50 (full 0):
 garbage-first heap   total 352256K, used 265976K [0x0000000080000000, 0x0000000100000000)
  region size 1024K, 167 young (171008K), 4 survivors (4096K)
 Metaspace       used 95919K, committed 96768K, reserved 557056K
  class space    used 13520K, committed 13952K, reserved 425984K
}
Event: 37.179 GC heap after
{Heap after GC invocations=51 (full 0):
 garbage-first heap   total 352256K, used 107255K [0x0000000080000000, 0x0000000100000000)
  region size 1024K, 13 young (13312K), 13 survivors (13312K)
 Metaspace       used 95919K, committed 96768K, reserved 557056K
  class space    used 13520K, committed 13952K, reserved 425984K
}

