# JRE version: OpenJDK Runtime Environment Temurin-17.0.10+7 (17.0.10+7) (build 17.0.10+7)
# Java VM: OpenJDK 64-Bit Server VM Temurin-17.0.10+7 (17.0.10+7, mixed mode, sharing, tiered, compressed oops, compressed class ptrs, g1 gc, windows-amd64)
GC Precious Log:
 CPUs: 12 total, 12 available
 Memory: 7583M
 Large Page Support: Disabled
 NUMA Support: Disabled
 Compressed Oops: Enabled (32-bit)
 Heap Region Size: 1M
 Heap Min Capacity: 8M
 Heap Initial Capacity: 120M
 Heap Max Capacity: 2G
 Pre-touch: Disabled
 Parallel Workers: 10
 Concurrent Workers: 3
 Concurrent Refinement Workers: 10
 Periodic GC: Disabled
Heap:
 garbage-first heap   total 346112K, used 287594K [0x0000000080000000, 0x0000000100000000)
  region size 1024K, 72 young (73728K), 9 survivors (9216K)
 Metaspace       used 119664K, committed 120960K, reserved 557056K
  class space    used 16384K, committed 17024K, reserved 425984K
GC Heap History (20 events):
Event: 167.922 GC heap before
{Heap before GC invocations=46 (full 0):
 garbage-first heap   total 346112K, used 259921K [0x0000000080000000, 0x0000000100000000)
  region size 1024K, 155 young (158720K), 2 survivors (2048K)
 Metaspace       used 101952K, committed 102976K, reserved 557056K
  class space    used 14296K, committed 14784K, reserved 425984K
}
Event: 167.963 GC heap after
{Heap after GC invocations=47 (full 0):
 garbage-first heap   total 346112K, used 123352K [0x0000000080000000, 0x0000000100000000)
  region size 1024K, 20 young (20480K), 20 survivors (20480K)
 Metaspace       used 101952K, committed 102976K, reserved 557056K
  class space    used 14296K, committed 14784K, reserved 425984K
}
Event: 171.398 GC heap before
{Heap before GC invocations=47 (full 0):
 garbage-first heap   total 346112K, used 265688K [0x0000000080000000, 0x0000000100000000)
  region size 1024K, 152 young (155648K), 20 survivors (20480K)
 Metaspace       used 104941K, committed 105984K, reserved 557056K
  class space    used 14643K, committed 15168K, reserved 425984K
}
Event: 171.547 GC heap after
{Heap after GC invocations=48 (full 0):
 garbage-first heap   total 346112K, used 156124K [0x0000000080000000, 0x0000000100000000)
  region size 1024K, 19 young (19456K), 19 survivors (19456K)
 Metaspace       used 104941K, committed 105984K, reserved 557056K
  class space    used 14643K, committed 15168K, reserved 425984K
}
Event: 174.007 GC heap before
{Heap before GC invocations=48 (full 0):
 garbage-first heap   total 346112K, used 264668K [0x0000000080000000, 0x0000000100000000)
  region size 1024K, 125 young (128000K), 19 survivors (19456K)
 Metaspace       used 110770K, committed 111808K, reserved 557056K
  class space    used 15455K, committed 15936K, reserved 425984K
}
Event: 174.046 GC heap after
{Heap after GC invocations=49 (full 0):
 garbage-first heap   total 346112K, used 167560K [0x0000000080000000, 0x0000000100000000)
  region size 1024K, 10 young (10240K), 10 survivors (10240K)
 Metaspace       used 110770K, committed 111808K, reserved 557056K
  class space    used 15455K, committed 15936K, reserved 425984K
}
Event: 175.866 GC heap before
{Heap before GC invocations=49 (full 0):
 garbage-first heap   total 346112K, used 276104K [0x0000000080000000, 0x0000000100000000)
  region size 1024K, 112 young (114688K), 10 survivors (10240K)
 Metaspace       used 113371K, committed 114496K, reserved 557056K
  class space    used 15646K, committed 16128K, reserved 425984K
}
Event: 175.894 GC heap after
{Heap after GC invocations=50 (full 0):
 garbage-first heap   total 346112K, used 181248K [0x0000000080000000, 0x0000000100000000)
  region size 1024K, 13 young (13312K), 13 survivors (13312K)
 Metaspace       used 113371K, committed 114496K, reserved 557056K
  class space    used 15646K, committed 16128K, reserved 425984K
}
Event: 177.972 GC heap before
{Heap before GC invocations=50 (full 0):
 garbage-first heap   total 346112K, used 274432K [0x0000000080000000, 0x0000000100000000)
  region size 1024K, 105 young (107520K), 13 survivors (13312K)
 Metaspace       used 114053K, committed 115200K, reserved 557056K
  class space    used 15704K, committed 16256K, reserved 425984K
}
Event: 177.990 GC heap after
{Heap after GC invocations=51 (full 0):
 garbage-first heap   total 346112K, used 190984K [0x0000000080000000, 0x0000000100000000)
  region size 1024K, 10 young (10240K), 10 survivors (10240K)
 Metaspace       used 114053K, committed 115200K, reserved 557056K
  class space    used 15704K, committed 16256K, reserved 425984K
}
Event: 180.211 GC heap before
{Heap before GC invocations=51 (full 0):
 garbage-first heap   total 346112K, used 285192K [0x0000000080000000, 0x0000000100000000)
  region size 1024K, 96 young (98304K), 10 survivors (10240K)
 Metaspace       used 114133K, committed 115264K, reserved 557056K
  class space    used 15707K, committed 16256K, reserved 425984K
}
Event: 180.223 GC heap after
{Heap after GC invocations=52 (full 0):
 garbage-first heap   total 346112K, used 197736K [0x0000000080000000, 0x0000000100000000)
  region size 1024K, 8 young (8192K), 8 survivors (8192K)
 Metaspace       used 114133K, committed 115264K, reserved 557056K
  class space    used 15707K, committed 16256K, reserved 425984K
}
Event: 181.663 GC heap before
{Heap before GC invocations=52 (full 0):
 garbage-first heap   total 346112K, used 311400K [0x0000000080000000, 0x0000000100000000)
  region size 1024K, 90 young (92160K), 8 survivors (8192K)
 Metaspace       used 114394K, committed 115584K, reserved 557056K
  class space    used 15725K, committed 16256K, reserved 425984K
}
Event: 181.674 GC heap after
{Heap after GC invocations=53 (full 0):
 garbage-first heap   total 346112K, used 205080K [0x0000000080000000, 0x0000000100000000)
  region size 1024K, 10 young (10240K), 10 survivors (10240K)
 Metaspace       used 114394K, committed 115584K, reserved 557056K
  class space    used 15725K, committed 16256K, reserved 425984K
}
Event: 183.053 GC heap before
{Heap before GC invocations=53 (full 0):
 garbage-first heap   total 346112K, used 289048K [0x0000000080000000, 0x0000000100000000)
  region size 1024K, 87 young (89088K), 10 survivors (10240K)
 Metaspace       used 114654K, committed 115840K, reserved 557056K
  class space    used 15746K, committed 16320K, reserved 425984K
}
Event: 183.063 GC heap after
{Heap after GC invocations=54 (full 0):
 garbage-first heap   total 346112K, used 210052K [0x0000000080000000, 0x0000000100000000)
  region size 1024K, 7 young (7168K), 7 survivors (7168K)
 Metaspace       used 114654K, committed 115840K, reserved 557056K
  class space    used 15746K, committed 16320K, reserved 425984K
}
Event: 183.524 GC heap before
{Heap before GC invocations=54 (full 0):
 garbage-first heap   total 346112K, used 297092K [0x0000000080000000, 0x0000000100000000)
  region size 1024K, 81 young (82944K), 7 survivors (7168K)
 Metaspace       used 114860K, committed 116032K, reserved 557056K
  class space    used 15781K, committed 16320K, reserved 425984K
}
Event: 183.533 GC heap after
{Heap after GC invocations=55 (full 0):
 garbage-first heap   total 346112K, used 215303K [0x0000000080000000, 0x0000000100000000)
  region size 1024K, 6 young (6144K), 6 survivors (6144K)
 Metaspace       used 114860K, committed 116032K, reserved 557056K
  class space    used 15781K, committed 16320K, reserved 425984K
}
Event: 184.879 GC heap before
{Heap before GC invocations=55 (full 0):
 garbage-first heap   total 346112K, used 294151K [0x0000000080000000, 0x0000000100000000)
  region size 1024K, 78 young (79872K), 6 survivors (6144K)
 Metaspace       used 116843K, committed 118016K, reserved 557056K
  class space    used 16035K, committed 16576K, reserved 425984K
}
Event: 184.888 GC heap after
{Heap after GC invocations=56 (full 0):
 garbage-first heap   total 346112K, used 218986K [0x0000000080000000, 0x0000000100000000)
  region size 1024K, 9 young (9216K), 9 survivors (9216K)
 Metaspace       used 116843K, committed 118016K, reserved 557056K
  class space    used 16035K, committed 16576K, reserved 425984K
}

